#
# A fatal error has been detected by the Java Runtime Environment:
#
#  EXCEPTION_ACCESS_VIOLATION (0xc0000005) at pc=0x00007ffb3d016d3a, pid=4912, tid=0x0000000000005838
#
# JRE version: OpenJDK Runtime Environment (8.0_352-b08) (build 1.8.0_352-b08)
# Java VM: OpenJDK 64-Bit Server VM (25.352-b08 mixed mode windows-amd64 compressed oops)
# Problematic frame:
# C  [igxelpicd64.dll+0x9f6d3a]
#
# Failed to write core dump. Minidumps are not enabled by default on client versions of Windows
#
# If you would like to submit a bug report, please visit:
#   https://github.com/corretto/corretto-8/issues/
# The crash happened outside the Java Virtual Machine in native code.
# See problematic frame for where to report the bug.
#

---------------  T H R E A D  ---------------

Current thread (0x000002bbc6cb7000):  JavaThread "AWT-EventQueue-0" [_thread_in_native, id=22584, stack(0x000000f4aa800000,0x000000f4aa900000)]

siginfo: ExceptionCode=0xc0000005, reading address 0x0000000000000030

Registers:
RAX=0x000002bbc4beac00, RBX=0x0000000000000000, RCX=0x0000000000000010, RDX=0x0000000000000000
RSP=0x000000f4aa8b02e0, RBP=0x000000f4aa8b03e0, RSI=0x000002bbd08500c0, RDI=0x0000000000000050
R8 =0x0000000000000000, R9 =0x0000000000000030, R10=0x0000000000000090, R11=0x0000000000010000
R12=0x0000000000000000, R13=0x000002bbc4beae08, R14=0x000002bbd0886060, R15=0x000002bbc7ba5390
RIP=0x00007ffb3d016d3a, EFLAGS=0x0000000000010202

Top of Stack: (sp=0x000000f4aa8b02e0)
0x000000f4aa8b02e0:   0000000000000000 0000000000000000
0x000000f4aa8b02f0:   0000000000000000 0000000000000000
0x000000f4aa8b0300:   0000000000000000 0000000000000000
0x000000f4aa8b0310:   0000000000000000 0000000000000000
0x000000f4aa8b0320:   0000000000000000 0000000000000000
0x000000f4aa8b0330:   0000000000000000 00007ffbab4330c3
0x000000f4aa8b0340:   0000000000000000 000002bbc793e1c0
0x000000f4aa8b0350:   0000000000000000 0000000000000000
0x000000f4aa8b0360:   0000000000000100 0000000000000003
0x000000f4aa8b0370:   0000000000000000 0000000000000000
0x000000f4aa8b0380:   0000000000000000 0000000000000000
0x000000f4aa8b0390:   0000000000000030 00007ffb00000001
0x000000f4aa8b03a0:   0000000000000000 00007ffb3c634d00
0x000000f4aa8b03b0:   0000000000010000 0000000000000000
0x000000f4aa8b03c0:   000002bbd087b60a 0000000000000000
0x000000f4aa8b03d0:   0000000000000000 000002bbca1f037c 

Instructions: (pc=0x00007ffb3d016d3a)
0x00007ffb3d016d1a:   e9 aa 05 00 00 39 58 08 0f 84 8f 00 00 00 4c 8d
0x00007ffb3d016d2a:   a8 08 02 00 00 4c 89 ad 40 01 00 00 49 8b 5d 40
0x00007ffb3d016d3a:   48 8b 43 30 48 8b 48 58 ba 02 00 00 00 48 8b 49
0x00007ffb3d016d4a:   08 e8 80 df 61 ff 48 8b 95 f0 00 00 00 89 84 d5 


Register to memory mapping:

RAX=0x000002bbc4beac00 is an unknown value
RBX=0x0000000000000000 is an unknown value
RCX=0x0000000000000010 is an unknown value
RDX=0x0000000000000000 is an unknown value
RSP=0x000000f4aa8b02e0 is pointing into the stack for thread: 0x000002bbc6cb7000
RBP=0x000000f4aa8b03e0 is pointing into the stack for thread: 0x000002bbc6cb7000
RSI=0x000002bbd08500c0 is an unknown value
RDI=0x0000000000000050 is an unknown value
R8 =0x0000000000000000 is an unknown value
R9 =0x0000000000000030 is an unknown value
R10=0x0000000000000090 is an unknown value
R11=0x0000000000010000 is an unknown value
R12=0x0000000000000000 is an unknown value
R13=0x000002bbc4beae08 is an unknown value
R14=0x000002bbd0886060 is an unknown value
R15=0x000002bbc7ba5390 is an unknown value


Stack: [0x000000f4aa800000,0x000000f4aa900000],  sp=0x000000f4aa8b02e0,  free space=704k
Native frames: (J=compiled Java code, j=interpreted, Vv=VM code, C=native code)
C  [igxelpicd64.dll+0x9f6d3a]
C  [igxelpicd64.dll+0x16b75]
C  [igxelpicd64.dll+0x1adb12]
C  [igxelpicd64.dll+0x214621]
C  0x000002bba841ffa2

Java frames: (J=compiled Java code, j=interpreted, Vv=VM code)
J 1925  jogamp.opengl.gl4.GL4bcImpl.dispatch_glDrawArrays1(IIIJ)V (0 bytes) @ 0x000002bba841ff05 [0x000002bba841fec0+0x45]
J 1924 C1 jogamp.opengl.gl4.GL4bcImpl.glDrawArrays(III)V (43 bytes) @ 0x000002bba841e5bc [0x000002bba841e360+0x25c]
j  com.jogamp.opengl.util.awt.TextRenderer$Pipelined_QuadRenderer.drawVertexArrays()V+209
J 2656 C2 org.jbox2d.testbed.framework.jogl.JoglDebugDraw.drawString(FFLjava/lang/String;Lorg/jbox2d/common/Color3f;)V (72 bytes) @ 0x000002bba87184f0 [0x000002bba8717b00+0x9f0]
J 2587 C1 org.jbox2d.testbed.framework.TestbedTest.update()V (284 bytes) @ 0x000002bba86b6c8c [0x000002bba86b6720+0x56c]
J 2424 C1 org.jbox2d.testbed.framework.jogl.JoglPanel.display(Ljavax/media/opengl/GLAutoDrawable;)V (47 bytes) @ 0x000002bba85f6bdc [0x000002bba85f61a0+0xa3c]
J 2153 C1 jogamp.opengl.GLDrawableHelper.displayImpl(Ljavax/media/opengl/GLAutoDrawable;)V (82 bytes) @ 0x000002bba84e2afc [0x000002bba84e1fe0+0xb1c]
J 2423 C1 javax.media.opengl.awt.GLJPanel$Updater.display(Ljavax/media/opengl/GLAutoDrawable;)V (206 bytes) @ 0x000002bba85f83d4 [0x000002bba85f7f00+0x4d4]
J 2153 C1 jogamp.opengl.GLDrawableHelper.displayImpl(Ljavax/media/opengl/GLAutoDrawable;)V (82 bytes) @ 0x000002bba84e2afc [0x000002bba84e1fe0+0xb1c]
J 2422 C1 jogamp.opengl.GLAutoDrawableBase$2.run()V (73 bytes) @ 0x000002bba85fc7fc [0x000002bba85fc1c0+0x63c]
J 2585 C1 jogamp.opengl.GLDrawableHelper.invokeGLImpl(Ljavax/media/opengl/GLDrawable;Ljavax/media/opengl/GLContext;Ljava/lang/Runnable;Ljava/lang/Runnable;Ljavax/media/opengl/GLAutoDrawable;)V (425 bytes) @ 0x000002bba86ba8fc [0x000002bba86b9c00+0xcfc]
J 2421 C1 jogamp.opengl.GLDrawableHelper.invokeGL(Ljavax/media/opengl/GLDrawable;Ljavax/media/opengl/GLContext;Ljava/lang/Runnable;Ljava/lang/Runnable;)V (89 bytes) @ 0x000002bba85f440c [0x000002bba85f4340+0xcc]
J 2420 C1 jogamp.opengl.GLPbufferImpl.display()V (61 bytes) @ 0x000002bba85f49e4 [0x000002bba85f47a0+0x244]
J 2419 C1 javax.media.opengl.awt.GLJPanel$PbufferBackend.doPaintComponentImpl()V (10 bytes) @ 0x000002bba85f3fcc [0x000002bba85f3ec0+0x10c]
J 2418 C1 javax.media.opengl.awt.GLJPanel$AbstractReadbackBackend.doPaintComponent(Ljava/awt/Graphics;)V (41 bytes) @ 0x000002bba85f3734 [0x000002bba85f3620+0x114]
J 2416 C1 javax.media.opengl.awt.GLJPanel.paintComponent(Ljava/awt/Graphics;)V (180 bytes) @ 0x000002bba85ff294 [0x000002bba85fe320+0xf74]
J 2305 C1 javax.swing.JComponent.paint(Ljava/awt/Graphics;)V (409 bytes) @ 0x000002bba856390c [0x000002bba8562080+0x188c]
J 2309 C1 javax.swing.JComponent.paintChildren(Ljava/awt/Graphics;)V (669 bytes) @ 0x000002bba856980c [0x000002bba8566440+0x33cc]
J 2305 C1 javax.swing.JComponent.paint(Ljava/awt/Graphics;)V (409 bytes) @ 0x000002bba8563dac [0x000002bba8562080+0x1d2c]
J 2309 C1 javax.swing.JComponent.paintChildren(Ljava/awt/Graphics;)V (669 bytes) @ 0x000002bba856980c [0x000002bba8566440+0x33cc]
J 2305 C1 javax.swing.JComponent.paint(Ljava/awt/Graphics;)V (409 bytes) @ 0x000002bba8563dac [0x000002bba8562080+0x1d2c]
j  javax.swing.JLayeredPane.paint(Ljava/awt/Graphics;)V+73
J 2309 C1 javax.swing.JComponent.paintChildren(Ljava/awt/Graphics;)V (669 bytes) @ 0x000002bba856980c [0x000002bba8566440+0x33cc]
J 2623 C1 javax.swing.JComponent.paintToOffscreen(Ljava/awt/Graphics;IIIIII)V (108 bytes) @ 0x000002bba86dbb7c [0x000002bba86db500+0x67c]
J 2573 C1 javax.swing.RepaintManager$PaintManager.paintDoubleBuffered(Ljavax/swing/JComponent;Ljava/awt/Image;Ljava/awt/Graphics;IIII)V (294 bytes) @ 0x000002bba869b1b4 [0x000002bba869aa60+0x754]
J 2624 C1 javax.swing.RepaintManager$PaintManager.paint(Ljavax/swing/JComponent;Ljavax/swing/JComponent;Ljava/awt/Graphics;IIII)Z (189 bytes) @ 0x000002bba86e0474 [0x000002bba86df7c0+0xcb4]
J 2552 C1 javax.swing.RepaintManager.paint(Ljavax/swing/JComponent;Ljavax/swing/JComponent;Ljava/awt/Graphics;IIII)V (93 bytes) @ 0x000002bba868d2c4 [0x000002bba868cde0+0x4e4]
J 2305 C1 javax.swing.JComponent.paint(Ljava/awt/Graphics;)V (409 bytes) @ 0x000002bba8563fec [0x000002bba8562080+0x1f6c]
j  java.awt.GraphicsCallback$PaintCallback.run(Ljava/awt/Component;Ljava/awt/Graphics;)V+2
j  sun.awt.SunGraphicsCallback.runOneComponent(Ljava/awt/Component;Ljava/awt/Rectangle;Ljava/awt/Graphics;Ljava/awt/Shape;I)V+155
j  sun.awt.SunGraphicsCallback.runComponents([Ljava/awt/Component;Ljava/awt/Graphics;I)V+194
j  java.awt.Container.paint(Ljava/awt/Graphics;)V+58
j  java.awt.Window.paint(Ljava/awt/Graphics;)V+68
j  javax.swing.RepaintManager$4.run()Ljava/lang/Void;+142
j  javax.swing.RepaintManager$4.run()Ljava/lang/Object;+1
v  ~StubRoutines::call_stub
J 1947  java.security.AccessController.doPrivileged(Ljava/security/PrivilegedAction;Ljava/security/AccessControlContext;)Ljava/lang/Object; (0 bytes) @ 0x000002bba842b966 [0x000002bba842b900+0x66]
J 1955 C1 java.security.ProtectionDomain$JavaSecurityAccessImpl.doIntersectionPrivilege(Ljava/security/PrivilegedAction;Ljava/security/AccessControlContext;Ljava/security/AccessControlContext;)Ljava/lang/Object; (22 bytes) @ 0x000002bba8433a3c [0x000002bba84335c0+0x47c]
j  javax.swing.RepaintManager.paintDirtyRegions(Ljava/util/Map;)V+154
j  javax.swing.RepaintManager.paintDirtyRegions()V+46
j  javax.swing.RepaintManager.prePaintDirtyRegions()V+73
j  javax.swing.RepaintManager.access$1200(Ljavax/swing/RepaintManager;)V+1
j  javax.swing.RepaintManager$ProcessingRunnable.run()V+37
J 2205 C1 java.awt.event.InvocationEvent.dispatch()V (69 bytes) @ 0x000002bba84fe5d4 [0x000002bba84fe3c0+0x214]
J 2146 C1 java.awt.EventQueue.dispatchEventImpl(Ljava/awt/AWTEvent;Ljava/lang/Object;)V (149 bytes) @ 0x000002bba84de6c4 [0x000002bba84dcbc0+0x1b04]
J 2145 C1 java.awt.EventQueue$3.run()Ljava/lang/Void; (60 bytes) @ 0x000002bba84dae9c [0x000002bba84dac80+0x21c]
J 2023 C1 java.awt.EventQueue$3.run()Ljava/lang/Object; (5 bytes) @ 0x000002bba845d9cc [0x000002bba845d940+0x8c]
v  ~StubRoutines::call_stub
J 1947  java.security.AccessController.doPrivileged(Ljava/security/PrivilegedAction;Ljava/security/AccessControlContext;)Ljava/lang/Object; (0 bytes) @ 0x000002bba842b966 [0x000002bba842b900+0x66]
J 2021 C1 java.awt.EventQueue.dispatchEvent(Ljava/awt/AWTEvent;)V (80 bytes) @ 0x000002bba845ebac [0x000002bba845e200+0x9ac]
J 2025 C1 java.awt.EventDispatchThread.pumpOneEventForFilters(I)V (190 bytes) @ 0x000002bba846361c [0x000002bba84624c0+0x115c]
j  java.awt.EventDispatchThread.pumpEventsForFilter(ILjava/awt/Conditional;Ljava/awt/EventFilter;)V+35
j  java.awt.EventDispatchThread.pumpEventsForHierarchy(ILjava/awt/Conditional;Ljava/awt/Component;)V+11
j  java.awt.EventDispatchThread.pumpEvents(ILjava/awt/Conditional;)V+4
j  java.awt.EventDispatchThread.pumpEvents(Ljava/awt/Conditional;)V+3
j  java.awt.EventDispatchThread.run()V+9
v  ~StubRoutines::call_stub

---------------  P R O C E S S  ---------------

Java Threads: ( => current thread )
  0x000002bbc4746000 JavaThread "TimerQueue" daemon [_thread_blocked, id=6300, stack(0x000000f4aad00000,0x000000f4aae00000)]
  0x000002bba6163000 JavaThread "DestroyJavaVM" [_thread_blocked, id=16676, stack(0x000000f4a8000000,0x000000f4a8100000)]
  0x000002bbc74f5000 JavaThread "Testbed" [_thread_blocked, id=20928, stack(0x000000f4aac00000,0x000000f4aad00000)]
  0x000002bbc4b60800 JavaThread "main-SharedResourceRunner" daemon [_thread_blocked, id=24556, stack(0x000000f4aa700000,0x000000f4aa800000)]
=>0x000002bbc6cb7000 JavaThread "AWT-EventQueue-0" [_thread_in_native, id=22584, stack(0x000000f4aa800000,0x000000f4aa900000)]
  0x000002bbc4a56800 JavaThread "AWT-Windows" daemon [_thread_in_native, id=5296, stack(0x000000f4aa600000,0x000000f4aa700000)]
  0x000002bbc4a51000 JavaThread "AWT-Shutdown" [_thread_blocked, id=24100, stack(0x000000f4aa500000,0x000000f4aa600000)]
  0x000002bbc4a4c000 JavaThread "Java2D Disposer" daemon [_thread_blocked, id=18464, stack(0x000000f4aa400000,0x000000f4aa500000)]
  0x000002bbc331c800 JavaThread "Service Thread" daemon [_thread_blocked, id=24820, stack(0x000000f4aa200000,0x000000f4aa300000)]
  0x000002bbc32ea800 JavaThread "C1 CompilerThread11" daemon [_thread_blocked, id=24116, stack(0x000000f4aa100000,0x000000f4aa200000)]
  0x000002bbc32cf800 JavaThread "C1 CompilerThread10" daemon [_thread_blocked, id=2292, stack(0x000000f4aa000000,0x000000f4aa100000)]
  0x000002bbc32be000 JavaThread "C1 CompilerThread9" daemon [_thread_blocked, id=21444, stack(0x000000f4a9f00000,0x000000f4aa000000)]
  0x000002bbc32a9000 JavaThread "C1 CompilerThread8" daemon [_thread_blocked, id=15644, stack(0x000000f4a9e00000,0x000000f4a9f00000)]
  0x000002bbc32a0000 JavaThread "C2 CompilerThread7" daemon [_thread_blocked, id=12028, stack(0x000000f4a9d00000,0x000000f4a9e00000)]
  0x000002bbc3296800 JavaThread "C2 CompilerThread6" daemon [_thread_blocked, id=20496, stack(0x000000f4a9c00000,0x000000f4a9d00000)]
  0x000002bbc3281000 JavaThread "C2 CompilerThread5" daemon [_thread_blocked, id=17940, stack(0x000000f4a9b00000,0x000000f4a9c00000)]
  0x000002bbc3248800 JavaThread "C2 CompilerThread4" daemon [_thread_blocked, id=3900, stack(0x000000f4a9a00000,0x000000f4a9b00000)]
  0x000002bbc3235800 JavaThread "C2 CompilerThread3" daemon [_thread_blocked, id=22716, stack(0x000000f4a9900000,0x000000f4a9a00000)]
  0x000002bbc322f000 JavaThread "C2 CompilerThread2" daemon [_thread_blocked, id=17760, stack(0x000000f4a9800000,0x000000f4a9900000)]
  0x000002bbc322e000 JavaThread "C2 CompilerThread1" daemon [_thread_blocked, id=21432, stack(0x000000f4a9700000,0x000000f4a9800000)]
  0x000002bbc322d800 JavaThread "C2 CompilerThread0" daemon [_thread_blocked, id=21256, stack(0x000000f4a9600000,0x000000f4a9700000)]
  0x000002bbc3225000 JavaThread "Monitor Ctrl-Break" daemon [_thread_in_native, id=22648, stack(0x000000f4a9500000,0x000000f4a9600000)]
  0x000002bbc3018800 JavaThread "Attach Listener" daemon [_thread_blocked, id=448, stack(0x000000f4a9400000,0x000000f4a9500000)]
  0x000002bbc3018000 JavaThread "Signal Dispatcher" daemon [_thread_blocked, id=25036, stack(0x000000f4a9300000,0x000000f4a9400000)]
  0x000002bbc0f8d000 JavaThread "Finalizer" daemon [_thread_blocked, id=21384, stack(0x000000f4a9200000,0x000000f4a9300000)]
  0x000002bbc2ff3000 JavaThread "Reference Handler" daemon [_thread_blocked, id=10368, stack(0x000000f4a9100000,0x000000f4a9200000)]

Other Threads:
  0x000002bbc2fd2800 VMThread [stack: 0x000000f4a9000000,0x000000f4a9100000] [id=24192]
  0x000002bbc3322800 WatcherThread [stack: 0x000000f4aa300000,0x000000f4aa400000] [id=3672]

VM state:not at safepoint (normal execution)

VM Mutex/Monitor currently owned by a thread: None

heap address: 0x00000006c4800000, size: 4024 MB, Compressed Oops mode: Zero based, Oop shift amount: 3
Narrow klass base: 0x0000000000000000, Narrow klass shift: 3
Compressed class space size: 1073741824 Address: 0x00000007c0000000

Heap:
 PSYoungGen      total 139776K, used 107383K [0x000000076c300000, 0x0000000775600000, 0x00000007c0000000)
  eden space 129024K, 83% used [0x000000076c300000,0x0000000772bddc90,0x0000000774100000)
  from space 10752K, 0% used [0x0000000774b80000,0x0000000774b80000,0x0000000775600000)
  to   space 10752K, 0% used [0x0000000774100000,0x0000000774100000,0x0000000774b80000)
 ParOldGen       total 76800K, used 6711K [0x00000006c4800000, 0x00000006c9300000, 0x000000076c300000)
  object space 76800K, 8% used [0x00000006c4800000,0x00000006c4e8df50,0x00000006c9300000)
 Metaspace       used 23497K, capacity 23720K, committed 24064K, reserved 1071104K
  class space    used 2629K, capacity 2714K, committed 2816K, reserved 1048576K

Card table byte_map: [0x000002bbb7000000,0x000002bbb77e0000] byte_map_base: 0x000002bbb39dc000

Marking Bits: (ParMarkBitMap*) 0x0000000068f07820
 Begin Bits: [0x000002bbb7d20000, 0x000002bbbbc00000)
 End Bits:   [0x000002bbbbc00000, 0x000002bbbfae0000)

Polling page: 0x000002bba6340000

CodeCache: size=245760Kb used=14248Kb max_used=14974Kb free=231512Kb
 bounds [0x000002bba7c40000, 0x000002bba8b00000, 0x000002bbb6c40000]
 total_blobs=3997 nmethods=3164 adapters=740
 compilation: enabled

Compilation events (10 events):
Event: 28.590 Thread 0x000002bbc32ea800 nmethod 3372 0x000002bba8ad6c50 code [0x000002bba8ad6f20, 0x000002bba8ad81e0]
Event: 28.590 Thread 0x000002bbc322f000 nmethod 3374 0x000002bba7fa1110 code [0x000002bba7fa1260, 0x000002bba7fa1358]
Event: 28.591 Thread 0x000002bbc32be000 nmethod 3375 0x000002bba8277f50 code [0x000002bba8278180, 0x000002bba8279350]
Event: 28.595 Thread 0x000002bbc32a0000 nmethod 3361 0x000002bba818c290 code [0x000002bba818c420, 0x000002bba818ce30]
Event: 28.598 Thread 0x000002bbc32a9000 3376       3       java.nio.DirectIntBufferU::ix (10 bytes)
Event: 28.598 Thread 0x000002bbc32a9000 nmethod 3376 0x000002bba7f2e6d0 code [0x000002bba7f2e820, 0x000002bba7f2e998]
Event: 28.598 Thread 0x000002bbc32cf800 3377       3       java.nio.ByteOrder::nativeOrder (4 bytes)
Event: 28.598 Thread 0x000002bbc32cf800 nmethod 3377 0x000002bba81b8e90 code [0x000002bba81b9000, 0x000002bba81b91b8]
Event: 28.603 Thread 0x000002bbc32ea800 3378       3       java.util.regex.Pattern::isSupplementary (20 bytes)
Event: 28.603 Thread 0x000002bbc32ea800 nmethod 3378 0x000002bba8166cd0 code [0x000002bba8166e40, 0x000002bba8167118]

GC Heap History (6 events):
Event: 1.043 GC heap before
{Heap before GC invocations=1 (full 0):
 PSYoungGen      total 75264K, used 64512K [0x000000076c300000, 0x0000000771700000, 0x00000007c0000000)
  eden space 64512K, 100% used [0x000000076c300000,0x0000000770200000,0x0000000770200000)
  from space 10752K, 0% used [0x0000000770c80000,0x0000000770c80000,0x0000000771700000)
  to   space 10752K, 0% used [0x0000000770200000,0x0000000770200000,0x0000000770c80000)
 ParOldGen       total 172032K, used 0K [0x00000006c4800000, 0x00000006cf000000, 0x000000076c300000)
  object space 172032K, 0% used [0x00000006c4800000,0x00000006c4800000,0x00000006cf000000)
 Metaspace       used 20873K, capacity 21124K, committed 21248K, reserved 1069056K
  class space    used 2451K, capacity 2554K, committed 2560K, reserved 1048576K
Event: 1.068 GC heap after
Heap after GC invocations=1 (full 0):
 PSYoungGen      total 75264K, used 6587K [0x000000076c300000, 0x0000000775600000, 0x00000007c0000000)
  eden space 64512K, 0% used [0x000000076c300000,0x000000076c300000,0x0000000770200000)
  from space 10752K, 61% used [0x0000000770200000,0x000000077086ed18,0x0000000770c80000)
  to   space 10752K, 0% used [0x0000000774b80000,0x0000000774b80000,0x0000000775600000)
 ParOldGen       total 172032K, used 88K [0x00000006c4800000, 0x00000006cf000000, 0x000000076c300000)
  object space 172032K, 0% used [0x00000006c4800000,0x00000006c4816010,0x00000006cf000000)
 Metaspace       used 20873K, capacity 21124K, committed 21248K, reserved 1069056K
  class space    used 2451K, capacity 2554K, committed 2560K, reserved 1048576K
}
Event: 1.073 GC heap before
{Heap before GC invocations=2 (full 0):
 PSYoungGen      total 75264K, used 11860K [0x000000076c300000, 0x0000000775600000, 0x00000007c0000000)
  eden space 64512K, 8% used [0x000000076c300000,0x000000076c826510,0x0000000770200000)
  from space 10752K, 61% used [0x0000000770200000,0x000000077086ed18,0x0000000770c80000)
  to   space 10752K, 0% used [0x0000000774b80000,0x0000000774b80000,0x0000000775600000)
 ParOldGen       total 172032K, used 88K [0x00000006c4800000, 0x00000006cf000000, 0x000000076c300000)
  object space 172032K, 0% used [0x00000006c4800000,0x00000006c4816010,0x00000006cf000000)
 Metaspace       used 20984K, capacity 21188K, committed 21248K, reserved 1069056K
  class space    used 2460K, capacity 2554K, committed 2560K, reserved 1048576K
Event: 1.086 GC heap after
Heap after GC invocations=2 (full 0):
 PSYoungGen      total 139776K, used 10734K [0x000000076c300000, 0x0000000775600000, 0x00000007c0000000)
  eden space 129024K, 0% used [0x000000076c300000,0x000000076c300000,0x0000000774100000)
  from space 10752K, 99% used [0x0000000774b80000,0x00000007755fba40,0x0000000775600000)
  to   space 10752K, 0% used [0x0000000774100000,0x0000000774100000,0x0000000774b80000)
 ParOldGen       total 172032K, used 232K [0x00000006c4800000, 0x00000006cf000000, 0x000000076c300000)
  object space 172032K, 0% used [0x00000006c4800000,0x00000006c483a010,0x00000006cf000000)
 Metaspace       used 20984K, capacity 21188K, committed 21248K, reserved 1069056K
  class space    used 2460K, capacity 2554K, committed 2560K, reserved 1048576K
}
Event: 1.086 GC heap before
{Heap before GC invocations=3 (full 1):
 PSYoungGen      total 139776K, used 10734K [0x000000076c300000, 0x0000000775600000, 0x00000007c0000000)
  eden space 129024K, 0% used [0x000000076c300000,0x000000076c300000,0x0000000774100000)
  from space 10752K, 99% used [0x0000000774b80000,0x00000007755fba40,0x0000000775600000)
  to   space 10752K, 0% used [0x0000000774100000,0x0000000774100000,0x0000000774b80000)
 ParOldGen       total 172032K, used 232K [0x00000006c4800000, 0x00000006cf000000, 0x000000076c300000)
  object space 172032K, 0% used [0x00000006c4800000,0x00000006c483a010,0x00000006cf000000)
 Metaspace       used 20984K, capacity 21188K, committed 21248K, reserved 1069056K
  class space    used 2460K, capacity 2554K, committed 2560K, reserved 1048576K
Event: 1.119 GC heap after
Heap after GC invocations=3 (full 1):
 PSYoungGen      total 139776K, used 0K [0x000000076c300000, 0x0000000775600000, 0x00000007c0000000)
  eden space 129024K, 0% used [0x000000076c300000,0x000000076c300000,0x0000000774100000)
  from space 10752K, 0% used [0x0000000774b80000,0x0000000774b80000,0x0000000775600000)
  to   space 10752K, 0% used [0x0000000774100000,0x0000000774100000,0x0000000774b80000)
 ParOldGen       total 76800K, used 6711K [0x00000006c4800000, 0x00000006c9300000, 0x000000076c300000)
  object space 76800K, 8% used [0x00000006c4800000,0x00000006c4e8df50,0x00000006c9300000)
 Metaspace       used 20984K, capacity 21188K, committed 21248K, reserved 1069056K
  class space    used 2460K, capacity 2554K, committed 2560K, reserved 1048576K
}

Deoptimization events (10 events):
Event: 28.596 Thread 0x000002bbc6cb7000 Uncommon trap: reason=class_check action=maybe_recompile pc=0x000002bba8879b54 method=jogamp.common.util.locks.RecursiveLockImpl01Unfairish.validateLocked()V @ 14
Event: 28.597 Thread 0x000002bbc6cb7000 Uncommon trap: reason=bimorphic action=maybe_recompile pc=0x000002bba85ef420 method=com.jogamp.common.nio.Buffers.isDirect(Ljava/lang/Object;)Z @ 17
Event: 28.597 Thread 0x000002bbc6cb7000 Uncommon trap: reason=bimorphic action=maybe_recompile pc=0x000002bba85ef420 method=com.jogamp.common.nio.Buffers.isDirect(Ljava/lang/Object;)Z @ 17
Event: 28.597 Thread 0x000002bbc6cb7000 Uncommon trap: reason=bimorphic action=maybe_recompile pc=0x000002bba85ef420 method=com.jogamp.common.nio.Buffers.isDirect(Ljava/lang/Object;)Z @ 17
Event: 28.597 Thread 0x000002bbc6cb7000 Uncommon trap: reason=class_check action=maybe_recompile pc=0x000002bba863a0bc method=com.jogamp.common.nio.Buffers.getDirectBufferByteOffset(Ljava/lang/Object;)I @ 7
Event: 28.597 Thread 0x000002bbc6cb7000 Uncommon trap: reason=class_check action=maybe_recompile pc=0x000002bba863a0bc method=com.jogamp.common.nio.Buffers.getDirectBufferByteOffset(Ljava/lang/Object;)I @ 7
Event: 28.597 Thread 0x000002bbc6cb7000 Uncommon trap: reason=class_check action=maybe_recompile pc=0x000002bba863a0bc method=com.jogamp.common.nio.Buffers.getDirectBufferByteOffset(Ljava/lang/Object;)I @ 7
Event: 28.597 Thread 0x000002bbc6cb7000 Uncommon trap: reason=class_check action=maybe_recompile pc=0x000002bba863a0bc method=com.jogamp.common.nio.Buffers.getDirectBufferByteOffset(Ljava/lang/Object;)I @ 7
Event: 28.603 Thread 0x000002bbc6cb7000 Uncommon trap: reason=unstable_if action=reinterpret pc=0x000002bba8526020 method=javax.media.opengl.awt.GLJPanel$AbstractReadbackBackend.postGL(Ljava/awt/Graphics;Z)V @ 1
Event: 28.603 Thread 0x000002bbc6cb7000 Uncommon trap: reason=unstable_if action=reinterpret pc=0x000002bba869d2d4 method=jogamp.opengl.gl4.GL4bcImpl.initBufferObjectExtensionChecks()V @ 4

Classes redefined (0 events):
No events

Internal exceptions (10 events):
Event: 0.886 Thread 0x000002bba6163000 Exception <a 'java/lang/ClassNotFoundException': org/apache/log4j/FileAppenderCustomizer> (0x000000076fadcd70) thrown at [C:\wsjdk\Corretto8Src\installers\windows\zip\corretto-build\buildRoot\hotspot\src\share\vm\classfile\systemDictionary.cpp, line 217]
Event: 0.887 Thread 0x000002bba6163000 Exception <a 'java/lang/ClassNotFoundException': org/apache/log4j/RollingFileAppenderCustomizer> (0x000000076faf7dc8) thrown at [C:\wsjdk\Corretto8Src\installers\windows\zip\corretto-build\buildRoot\hotspot\src\share\vm\classfile\systemDictionary.cpp, lin
Event: 0.918 Thread 0x000002bba6163000 Implicit null exception at 0x000002bba8040716 to 0x000002bba8040ac9
Event: 1.183 Thread 0x000002bbc6cb7000 Exception <a 'java/lang/NullPointerException'> (0x000000076cf01d00) thrown at [C:\wsjdk\Corretto8Src\installers\windows\zip\corretto-build\buildRoot\hotspot\src\share\vm\interpreter\linkResolver.cpp, line 1185]
Event: 1.183 Thread 0x000002bbc6cb7000 Exception <a 'java/lang/NullPointerException'> (0x000000076cf01d00) thrown at [C:\wsjdk\Corretto8Src\installers\windows\zip\corretto-build\buildRoot\hotspot\src\share\vm\prims\jvm.cpp, line 1518]
Event: 1.183 Thread 0x000002bbc6cb7000 Exception <a 'java/lang/NullPointerException'> (0x000000076cf01d00) thrown at [C:\wsjdk\Corretto8Src\installers\windows\zip\corretto-build\buildRoot\hotspot\src\share\vm\prims\jvm.cpp, line 1518]
Event: 25.012 Thread 0x000002bbc74f5000 Implicit null exception at 0x000002bba8440997 to 0x000002bba84413b5
Event: 25.012 Thread 0x000002bbc74f5000 Implicit null exception at 0x000002bba83d328e to 0x000002bba83d384d
Event: 25.054 Thread 0x000002bbc6cb7000 Implicit null exception at 0x000002bba879ef2c to 0x000002bba879f775
Event: 25.465 Thread 0x000002bbc6cb7000 Implicit null exception at 0x000002bba8861d2f to 0x000002bba88623e1

Events (10 events):
Event: 28.597 Thread 0x000002bbc6cb7000 DEOPT UNPACKING pc=0x000002bba7c85583 sp=0x000000f4aa8fc120 mode 2
Event: 28.597 Thread 0x000002bbc6cb7000 Uncommon trap: trap_request=0xffffffde fr.pc=0x000002bba863a0bc
Event: 28.597 Thread 0x000002bbc6cb7000 DEOPT PACKING pc=0x000002bba863a0bc sp=0x000000f4aa8fc1b0
Event: 28.597 Thread 0x000002bbc6cb7000 DEOPT UNPACKING pc=0x000002bba7c85583 sp=0x000000f4aa8fc150 mode 2
Event: 28.603 Thread 0x000002bbc6cb7000 Uncommon trap: trap_request=0xffffff65 fr.pc=0x000002bba8526020
Event: 28.603 Thread 0x000002bbc6cb7000 DEOPT PACKING pc=0x000002bba8526020 sp=0x000000f4aa8fc080
Event: 28.603 Thread 0x000002bbc6cb7000 DEOPT UNPACKING pc=0x000002bba7c85583 sp=0x000000f4aa8fc028 mode 2
Event: 28.603 Thread 0x000002bbc6cb7000 Uncommon trap: trap_request=0xffffff65 fr.pc=0x000002bba869d2d4
Event: 28.603 Thread 0x000002bbc6cb7000 DEOPT PACKING pc=0x000002bba869d2d4 sp=0x000000f4aa8fbda0
Event: 28.603 Thread 0x000002bbc6cb7000 DEOPT UNPACKING pc=0x000002bba7c85583 sp=0x000000f4aa8fbc30 mode 2


Dynamic libraries:
0x00007ff601830000 - 0x00007ff60186a000 	C:\Users\justi\.jdks\corretto-1.8.0_352\bin\java.exe
0x00007ffbba6d0000 - 0x00007ffbba8e4000 	C:\windows\SYSTEM32\ntdll.dll
0x00007ffbb92d0000 - 0x00007ffbb9392000 	C:\windows\System32\KERNEL32.DLL
0x00007ffbb7c10000 - 0x00007ffbb7fac000 	C:\windows\System32\KERNELBASE.dll
0x00007ffbb9ee0000 - 0x00007ffbb9f8e000 	C:\windows\System32\ADVAPI32.dll
0x00007ffbba0e0000 - 0x00007ffbba187000 	C:\windows\System32\msvcrt.dll
0x00007ffbb91e0000 - 0x00007ffbb9284000 	C:\windows\System32\sechost.dll
0x00007ffbb84d0000 - 0x00007ffbb85e5000 	C:\windows\System32\RPCRT4.dll
0x00007ffbb9030000 - 0x00007ffbb91da000 	C:\windows\System32\USER32.dll
0x00007ffbb8330000 - 0x00007ffbb8356000 	C:\windows\System32\win32u.dll
0x00007ffbb96d0000 - 0x00007ffbb96f9000 	C:\windows\System32\GDI32.dll
0x00007ffbb8190000 - 0x00007ffbb82a2000 	C:\windows\System32\gdi32full.dll
0x00007ffbb7b00000 - 0x00007ffbb7b9a000 	C:\windows\System32\msvcp_win.dll
0x00007ffbb8070000 - 0x00007ffbb8181000 	C:\windows\System32\ucrtbase.dll
0x00007ffb945c0000 - 0x00007ffb9484e000 	C:\windows\WinSxS\amd64_microsoft.windows.common-controls_6595b64144ccf1df_6.0.22621.608_none_a9444ca7c10bb01d\COMCTL32.dll
0x00007ffbb9290000 - 0x00007ffbb92c1000 	C:\windows\System32\IMM32.DLL
0x00007ffb8df60000 - 0x00007ffb8e04f000 	C:\Users\justi\.jdks\corretto-1.8.0_352\jre\bin\msvcr120.dll
0x00007ffb83110000 - 0x00007ffb831b6000 	C:\Users\justi\.jdks\corretto-1.8.0_352\jre\bin\msvcp120.dll
0x0000000068710000 - 0x0000000068f86000 	C:\Users\justi\.jdks\corretto-1.8.0_352\jre\bin\server\jvm.dll
0x00007ffbb9660000 - 0x00007ffbb9668000 	C:\windows\System32\PSAPI.DLL
0x00007ffb96660000 - 0x00007ffb96669000 	C:\windows\SYSTEM32\WSOCK32.dll
0x00007ffbae650000 - 0x00007ffbae684000 	C:\windows\SYSTEM32\WINMM.dll
0x00007ffbacb30000 - 0x00007ffbacb3a000 	C:\windows\SYSTEM32\VERSION.dll
0x00007ffbb85f0000 - 0x00007ffbb8661000 	C:\windows\System32\WS2_32.dll
0x00007ffb95e90000 - 0x00007ffb95e9f000 	C:\Users\justi\.jdks\corretto-1.8.0_352\jre\bin\verify.dll
0x00007ffb8df30000 - 0x00007ffb8df59000 	C:\Users\justi\.jdks\corretto-1.8.0_352\jre\bin\java.dll
0x00007ffb92030000 - 0x00007ffb9205a000 	C:\Users\justi\.jdks\corretto-1.8.0_352\jre\bin\instrument.dll
0x00007ffb8df10000 - 0x00007ffb8df26000 	C:\Users\justi\.jdks\corretto-1.8.0_352\jre\bin\zip.dll
0x00007ffbb9700000 - 0x00007ffbb9edd000 	C:\windows\System32\SHELL32.dll
0x00007ffbb5b30000 - 0x00007ffbb63e7000 	C:\windows\SYSTEM32\windows.storage.dll
0x00007ffbb8ca0000 - 0x00007ffbb9029000 	C:\windows\System32\combase.dll
0x00007ffbb59f0000 - 0x00007ffbb5b2d000 	C:\windows\SYSTEM32\wintypes.dll
0x00007ffbb8690000 - 0x00007ffbb8781000 	C:\windows\System32\SHCORE.dll
0x00007ffbba010000 - 0x00007ffbba06e000 	C:\windows\System32\shlwapi.dll
0x00007ffbb7a30000 - 0x00007ffbb7a51000 	C:\windows\SYSTEM32\profapi.dll
0x00007ffb92010000 - 0x00007ffb9202a000 	C:\Users\justi\AppData\Local\JetBrains\Toolbox\apps\IDEA-U\ch-0\222.4345.14\bin\breakgen64.dll
0x00007ffb9b740000 - 0x00007ffb9b75a000 	C:\Users\justi\.jdks\corretto-1.8.0_352\jre\bin\net.dll
0x00007ffbb70d0000 - 0x00007ffbb7139000 	C:\windows\system32\mswsock.dll
0x00007ffb62b70000 - 0x00007ffb62d05000 	C:\Users\justi\.jdks\corretto-1.8.0_352\jre\bin\awt.dll
0x00007ffbba5b0000 - 0x00007ffbba687000 	C:\windows\System32\OLEAUT32.dll
0x00007ffbb48b0000 - 0x00007ffbb4947000 	C:\windows\SYSTEM32\apphelp.dll
0x00007ffbb4a80000 - 0x00007ffbb4b2b000 	C:\windows\system32\uxtheme.dll
0x00007ffbb93a0000 - 0x00007ffbb94be000 	C:\windows\System32\MSCTF.dll
0x00007ffbb94c0000 - 0x00007ffbb965c000 	C:\windows\System32\ole32.dll
0x00007ffbb6c70000 - 0x00007ffbb6c88000 	C:\windows\SYSTEM32\kernel.appcore.dll
0x00007ffbb82b0000 - 0x00007ffbb832b000 	C:\windows\System32\bcryptPrimitives.dll
0x00007ffb91f60000 - 0x00007ffb92006000 	C:\Users\justi\.jdks\corretto-1.8.0_352\jre\bin\freetype.dll
0x00007ffb91a60000 - 0x00007ffb91aab000 	C:\Users\justi\.jdks\corretto-1.8.0_352\jre\bin\fontmanager.dll
0x00007ffbb4dd0000 - 0x00007ffbb4dfb000 	C:\windows\system32\DWMAPI.DLL
0x00007ffb50240000 - 0x00007ffb50340000 	C:\windows\system32\opengl32.dll
0x00007ffb4ff90000 - 0x00007ffb4ffbd000 	C:\windows\SYSTEM32\GLU32.dll
0x00007ffbb4b90000 - 0x00007ffbb4bc6000 	C:\windows\SYSTEM32\dxcore.dll
0x00007ffbb7310000 - 0x00007ffbb732b000 	C:\windows\SYSTEM32\CRYPTSP.dll
0x00007ffbb6be0000 - 0x00007ffbb6c15000 	C:\windows\system32\rsaenh.dll
0x00007ffbb71c0000 - 0x00007ffbb71e8000 	C:\windows\SYSTEM32\USERENV.dll
0x00007ffbb74b0000 - 0x00007ffbb74d8000 	C:\windows\SYSTEM32\bcrypt.dll
0x00007ffbb7330000 - 0x00007ffbb733c000 	C:\windows\SYSTEM32\CRYPTBASE.dll
0x00007ffbb6640000 - 0x00007ffbb666d000 	C:\windows\SYSTEM32\IPHLPAPI.DLL
0x00007ffbba5a0000 - 0x00007ffbba5a9000 	C:\windows\System32\NSI.dll
0x00007ffbb0e40000 - 0x00007ffbb0e59000 	C:\windows\SYSTEM32\dhcpcsvc6.DLL
0x00007ffbb0e20000 - 0x00007ffbb0e3f000 	C:\windows\SYSTEM32\dhcpcsvc.DLL
0x00007ffbb6670000 - 0x00007ffbb6762000 	C:\windows\SYSTEM32\DNSAPI.dll
0x00007ffb94860000 - 0x00007ffb94872000 	C:\Users\justi\.jdks\corretto-1.8.0_352\jre\bin\nio.dll
0x00000000637c0000 - 0x00000000637ca000 	C:\Users\justi\AppData\Local\Temp\jogamp_0000\file_cache\jln6686565276041349115\jln759174047309772939\gluegen-rt.dll
0x00007ffb99fd0000 - 0x00007ffb99fd7000 	C:\Users\justi\.jdks\corretto-1.8.0_352\jre\bin\jawt.dll
0x000000006a440000 - 0x000000006a44b000 	C:\Users\justi\AppData\Local\Temp\jogamp_0000\file_cache\jln6686565276041349115\jln759174047309772939\nativewindow_awt.dll
0x000000006c100000 - 0x000000006c10b000 	C:\Users\justi\AppData\Local\Temp\jogamp_0000\file_cache\jln6686565276041349115\jln759174047309772939\nativewindow_win32.dll
0x0000000064500000 - 0x000000006458b000 	C:\Users\justi\AppData\Local\Temp\jogamp_0000\file_cache\jln6686565276041349115\jln759174047309772939\jogl_desktop.dll
0x00007ffbb07f0000 - 0x00007ffbb0839000 	C:\windows\SYSTEM32\directxdatabasehelper.dll
0x00007ffbba190000 - 0x00007ffbba247000 	C:\windows\System32\clbcatq.dll
0x00007ffbae7b0000 - 0x00007ffbae8dc000 	C:\Windows\System32\AppXDeploymentClient.dll
0x00007ffb3c620000 - 0x00007ffb3d6ce000 	C:\windows\System32\DriverStore\FileRepository\iigd_dch.inf_amd64_b9f9065242070baa\igxelpicd64.dll
0x00007ffbb4bd0000 - 0x00007ffbb4cc7000 	C:\windows\system32\dxgi.dll
0x00007ffb5c9f0000 - 0x00007ffb5cb14000 	C:\windows\System32\DriverStore\FileRepository\iigd_dch.inf_amd64_b9f9065242070baa\igdml64.dll
0x00007ffbab120000 - 0x00007ffbab52c000 	C:\windows\System32\DriverStore\FileRepository\iigd_dch.inf_amd64_b9f9065242070baa\igdgmm64.dll
0x00007ffbb77c0000 - 0x00007ffbb77ec000 	C:\windows\SYSTEM32\DEVOBJ.dll
0x00007ffbb77f0000 - 0x00007ffbb783f000 	C:\windows\SYSTEM32\cfgmgr32.dll
0x00007ffbb7ba0000 - 0x00007ffbb7c09000 	C:\windows\System32\WINTRUST.dll
0x00007ffbb8360000 - 0x00007ffbb84c6000 	C:\windows\System32\CRYPT32.dll
0x00007ffbb77a0000 - 0x00007ffbb77b2000 	C:\windows\SYSTEM32\MSASN1.dll
0x00007ffba7970000 - 0x00007ffbab11f000 	C:\windows\System32\DriverStore\FileRepository\iigd_dch.inf_amd64_b9f9065242070baa\igc64.dll
0x00007ffbb6a40000 - 0x00007ffbb6a8d000 	C:\windows\SYSTEM32\powrprof.dll
0x00007ffbb6a20000 - 0x00007ffbb6a33000 	C:\windows\SYSTEM32\UMPDC.dll
0x00007ffb9e150000 - 0x00007ffb9e27d000 	C:\windows\SYSTEM32\textinputframework.dll
0x00007ffbb44c0000 - 0x00007ffbb45f3000 	C:\windows\SYSTEM32\CoreMessaging.dll
0x00007ffbaf9b0000 - 0x00007ffbafd1c000 	C:\windows\SYSTEM32\CoreUIComponents.dll
0x00007ffbb5440000 - 0x00007ffbb566e000 	C:\windows\SYSTEM32\dbghelp.dll

VM Arguments:
jvm_args: -javaagent:C:\Users\justi\AppData\Local\JetBrains\Toolbox\apps\IDEA-U\ch-0\222.4345.14\lib\idea_rt.jar=53841:C:\Users\justi\AppData\Local\JetBrains\Toolbox\apps\IDEA-U\ch-0\222.4345.14\bin -Dfile.encoding=UTF-8 
java_command: org.jbox2d.testbed.framework.jogl.JoglTestbedMain
java_class_path (initial): C:\Users\justi\.jdks\corretto-1.8.0_352\jre\lib\charsets.jar;C:\Users\justi\.jdks\corretto-1.8.0_352\jre\lib\ext\access-bridge-64.jar;C:\Users\justi\.jdks\corretto-1.8.0_352\jre\lib\ext\cldrdata.jar;C:\Users\justi\.jdks\corretto-1.8.0_352\jre\lib\ext\dnsns.jar;C:\Users\justi\.jdks\corretto-1.8.0_352\jre\lib\ext\jaccess.jar;C:\Users\justi\.jdks\corretto-1.8.0_352\jre\lib\ext\jfxrt.jar;C:\Users\justi\.jdks\corretto-1.8.0_352\jre\lib\ext\localedata.jar;C:\Users\justi\.jdks\corretto-1.8.0_352\jre\lib\ext\nashorn.jar;C:\Users\justi\.jdks\corretto-1.8.0_352\jre\lib\ext\sunec.jar;C:\Users\justi\.jdks\corretto-1.8.0_352\jre\lib\ext\sunjce_provider.jar;C:\Users\justi\.jdks\corretto-1.8.0_352\jre\lib\ext\sunmscapi.jar;C:\Users\justi\.jdks\corretto-1.8.0_352\jre\lib\ext\sunpkcs11.jar;C:\Users\justi\.jdks\corretto-1.8.0_352\jre\lib\ext\zipfs.jar;C:\Users\justi\.jdks\corretto-1.8.0_352\jre\lib\jce.jar;C:\Users\justi\.jdks\corretto-1.8.0_352\jre\lib\jfr.jar;C:\Users\justi\.jdks\corretto-1.8.0_352\jre\lib\jfxswt.jar;C:\Users\justi\.jdks\corretto-1.8.0_352\jre\lib\jsse.jar;C:\Users\justi\.jdks\corretto-1.8.0_352\jre\lib\management-agent.jar;C:\Users\justi\.jdks\corretto-1.8.0_352\jre\lib\resources.jar;C:\Users\justi\.jdks\corretto-1.8.0_352\jre\lib\rt.jar;C:\IntelijProjects\JBox2D\jbox2d-testbed-jogl\target\classes;C:\IntelijProjects\JBox2D\jbox2d-library\target\classes;C:\IntelijProjects\JBox2D\jbox2d-serialization\target\classes;C:\Users\justi\.m2\repository\com\google\protobuf\protobuf-java\2.4.1\protobuf-java-2.4.1.jar;C:\IntelijProjects\JBox2D\jbox2d-testbed\target\classes;C:\Users\justi\.m2\repository\org\slf4j\slf4j-api\1.6.1\slf4j-api-1.6.1.jar;C:\Users\justi\.m2\repository\org\slf4j\slf4j-log4j12\1.6.1\slf4j-log4j12-1.6.1.jar;C:\Users\justi\.m2\repository\log4j\log4j\1.2.14\log4j-1.2.14.jar;C:\Users\justi\.m2\repository\org\jogamp\gluegen\gluegen-rt-main\2.0-rc11\gluegen-rt-main-2.0-rc11.jar;C:\Users\justi\.m2\repository\org\jogamp\gluegen\glue
Launcher Type: SUN_STANDARD

Environment Variables:
PATH=C:\Program Files (x86)\NVIDIA Corporation\PhysX\Common;C:\Program Files\Common Files\Oracle\Java\javapath;C:\windows\system32;C:\windows;C:\windows\System32\Wbem;C:\windows\System32\WindowsPowerShell\v1.0\;C:\windows\System32\OpenSSH\;C:\Program Files\Git\cmd;C:\Program Files\PuTTY\;C:\Program Files (x86)\Windows Kits\8.1\Windows Performance Toolkit\;C:\Program Files\MATLAB\R2022b\bin;C:\Users\justi\AppData\Local\Microsoft\WindowsApps;C:\Users\justi\AppData\Local\JetBrains\Toolbox\scripts;;C:\Users\justi\AppData\Local\Programs\Microsoft VS Code\bin
USERNAME=justi
OS=Windows_NT
PROCESSOR_IDENTIFIER=Intel64 Family 6 Model 154 Stepping 3, GenuineIntel



---------------  S Y S T E M  ---------------

OS: Windows 11 , 64 bit Build 22621 (10.0.22621.608)

CPU:total 20 (initial active 20) (10 cores per cpu, 2 threads per core) family 6 model 154 stepping 3, cmov, cx8, fxsr, mmx, sse, sse2, sse3, ssse3, sse4.1, sse4.2, popcnt, avx, avx2, aes, clmul, erms, 3dnowpref, lzcnt, ht, tsc, tscinvbit, bmi1, bmi2, adx

Memory: 4k page, physical 16481336k(5148296k free), swap 18971704k(3610756k free)

vm_info: OpenJDK 64-Bit Server VM (25.352-b08) for windows-amd64 JRE (1.8.0_352-b08), built on Oct 14 2022 21:22:09 by "Administrator" with MS VC++ 12.0 (VS2013)

time: Thu Nov 03 16:33:46 2022
timezone: Eastern Daylight Time
elapsed time: 28.635101 seconds (0d 0h 0m 28s)

